<?xml version="1.0" encoding="UTF-8"?>
<testng-results ignored="0" total="2" passed="1" failed="1" skipped="0">
  <reporter-output>
    <line>
      <![CDATA[verifySwagLabsUsernameTextbox]]>
    </line>
    <line>
      <![CDATA[verifySwagLabsPasswordTextbox]]>
    </line>
    <line>
      <![CDATA[verifySwagLabsLoginBtn]]>
    </line>
    <line>
      <![CDATA[verifySwagLabLogo]]>
    </line>
    <line>
      <![CDATA[verifyFilterBnonProductPage]]>
    </line>
  </reporter-output>
  <suite started-at="2025-04-14T00:28:37 IST" name="SwagLoginSuite" finished-at="2025-04-14T00:28:56 IST" duration-ms="18257">
    <groups>
    </groups>
    <test started-at="2025-04-14T00:28:37 IST" name="SwagLabLoginTest" finished-at="2025-04-14T00:28:56 IST" duration-ms="18257">
      <class name="com.swaglabs.qa.TestCases.SwaglabLoginTest">
        <test-method is-config="true" signature="setup(java.lang.String)[pri:0, instance:com.swaglabs.qa.TestCases.SwaglabLoginTest@4a94ee4]" started-at="2025-04-14T00:28:37 IST" name="setup" finished-at="2025-04-14T00:28:48 IST" duration-ms="10778" status="PASS">
          <params>
            <param index="0">
              <value>
                <![CDATA[cHrOME]]>
              </value>
            </param>
          </params>
          <reporter-output>
          </reporter-output>
        </test-method> <!-- setup -->
        <test-method signature="loginpgaetest()[pri:1, instance:com.swaglabs.qa.TestCases.SwaglabLoginTest@4a94ee4]" started-at="2025-04-14T00:28:48 IST" name="loginpgaetest" finished-at="2025-04-14T00:28:50 IST" duration-ms="1529" status="PASS">
          <reporter-output>
            <line>
              <![CDATA[verifySwagLabsUsernameTextbox]]>
            </line>
            <line>
              <![CDATA[verifySwagLabsPasswordTextbox]]>
            </line>
            <line>
              <![CDATA[verifySwagLabsLoginBtn]]>
            </line>
          </reporter-output>
        </test-method> <!-- loginpgaetest -->
        <test-method is-config="true" signature="Capturess(org.testng.ITestResult)[pri:0, instance:com.swaglabs.qa.TestCases.SwaglabLoginTest@4a94ee4]" started-at="2025-04-14T00:28:50 IST" name="Capturess" finished-at="2025-04-14T00:28:50 IST" duration-ms="18" status="PASS">
          <params>
            <param index="0">
              <value>
                <![CDATA[[TestResult name=loginpgaetest status=SUCCESS method=SwaglabLoginTest.loginpgaetest()[pri:1, instance:com.swaglabs.qa.TestCases.SwaglabLoginTest@4a94ee4] output=verifySwagLabsUsernameTextbox]]]>
              </value>
            </param>
          </params>
          <reporter-output>
          </reporter-output>
        </test-method> <!-- Capturess -->
        <test-method signature="productPageTest()[pri:2, instance:com.swaglabs.qa.TestCases.SwaglabLoginTest@4a94ee4]" started-at="2025-04-14T00:28:50 IST" name="productPageTest" finished-at="2025-04-14T00:28:55 IST" duration-ms="5400" status="FAIL">
          <exception class="org.openqa.selenium.NoSuchElementException">
            <message>
              <![CDATA[no such element: Unable to locate element: {"method":"xpath","selector":"add-to-cart-sauce-labs-fleece-jacket"}
  (Session info: chrome=135.0.7049.85)
For documentation on this error, please visit: https://www.selenium.dev/documentation/webdriver/troubleshooting/errors#no-such-element-exception
Build info: version: '4.22.0', revision: 'c5f3146703*'
System info: os.name: 'Windows 10', os.arch: 'amd64', os.version: '10.0', java.version: '21.0.4'
Driver info: org.openqa.selenium.chrome.ChromeDriver
Command: [610439137424dc8c68883643756bdef3, findElement {value=add-to-cart-sauce-labs-fleece-jacket, using=xpath}]
Capabilities {acceptInsecureCerts: false, browserName: chrome, browserVersion: 135.0.7049.85, chrome: {chromedriverVersion: 135.0.7049.84 (6c019e560019..., userDataDir: C:\Users\Admin\AppData\Loca...}, fedcm:accounts: true, goog:chromeOptions: {debuggerAddress: localhost:62420}, networkConnectionEnabled: false, pageLoadStrategy: normal, platformName: windows, proxy: Proxy(), se:cdp: ws://localhost:62420/devtoo..., se:cdpVersion: 135.0.7049.85, setWindowRect: true, strictFileInteractability: false, timeouts: {implicit: 0, pageLoad: 300000, script: 30000}, unhandledPromptBehavior: dismiss and notify, webauthn:extension:credBlob: true, webauthn:extension:largeBlob: true, webauthn:extension:minPinLength: true, webauthn:extension:prf: true, webauthn:virtualAuthenticators: true}
Session ID: 610439137424dc8c68883643756bdef3]]>
            </message>
            <full-stacktrace>
              <![CDATA[org.openqa.selenium.NoSuchElementException: no such element: Unable to locate element: {"method":"xpath","selector":"add-to-cart-sauce-labs-fleece-jacket"}
  (Session info: chrome=135.0.7049.85)
For documentation on this error, please visit: https://www.selenium.dev/documentation/webdriver/troubleshooting/errors#no-such-element-exception
Build info: version: '4.22.0', revision: 'c5f3146703*'
System info: os.name: 'Windows 10', os.arch: 'amd64', os.version: '10.0', java.version: '21.0.4'
Driver info: org.openqa.selenium.chrome.ChromeDriver
Command: [610439137424dc8c68883643756bdef3, findElement {value=add-to-cart-sauce-labs-fleece-jacket, using=xpath}]
Capabilities {acceptInsecureCerts: false, browserName: chrome, browserVersion: 135.0.7049.85, chrome: {chromedriverVersion: 135.0.7049.84 (6c019e560019..., userDataDir: C:\Users\Admin\AppData\Loca...}, fedcm:accounts: true, goog:chromeOptions: {debuggerAddress: localhost:62420}, networkConnectionEnabled: false, pageLoadStrategy: normal, platformName: windows, proxy: Proxy(), se:cdp: ws://localhost:62420/devtoo..., se:cdpVersion: 135.0.7049.85, setWindowRect: true, strictFileInteractability: false, timeouts: {implicit: 0, pageLoad: 300000, script: 30000}, unhandledPromptBehavior: dismiss and notify, webauthn:extension:credBlob: true, webauthn:extension:largeBlob: true, webauthn:extension:minPinLength: true, webauthn:extension:prf: true, webauthn:virtualAuthenticators: true}
Session ID: 610439137424dc8c68883643756bdef3
at java.base/jdk.internal.reflect.DirectConstructorHandleAccessor.newInstance(DirectConstructorHandleAccessor.java:62)
at java.base/java.lang.reflect.Constructor.newInstanceWithCaller(Constructor.java:502)
at java.base/java.lang.reflect.Constructor.newInstance(Constructor.java:486)
at org.openqa.selenium.remote.ErrorCodec.decode(ErrorCodec.java:167)
at org.openqa.selenium.remote.codec.w3c.W3CHttpResponseCodec.decode(W3CHttpResponseCodec.java:138)
at org.openqa.selenium.remote.codec.w3c.W3CHttpResponseCodec.decode(W3CHttpResponseCodec.java:50)
at org.openqa.selenium.remote.HttpCommandExecutor.execute(HttpCommandExecutor.java:190)
at org.openqa.selenium.remote.service.DriverCommandExecutor.invokeExecute(DriverCommandExecutor.java:216)
at org.openqa.selenium.remote.service.DriverCommandExecutor.execute(DriverCommandExecutor.java:174)
at org.openqa.selenium.remote.RemoteWebDriver.execute(RemoteWebDriver.java:518)
at org.openqa.selenium.remote.ElementLocation$ElementFinder$2.findElement(ElementLocation.java:165)
at org.openqa.selenium.remote.ElementLocation.findElement(ElementLocation.java:59)
at org.openqa.selenium.remote.RemoteWebDriver.findElement(RemoteWebDriver.java:355)
at org.openqa.selenium.remote.RemoteWebDriver.findElement(RemoteWebDriver.java:349)
at org.openqa.selenium.support.pagefactory.DefaultElementLocator.findElement(DefaultElementLocator.java:68)
at org.openqa.selenium.support.pagefactory.internal.LocatingElementHandler.invoke(LocatingElementHandler.java:38)
at jdk.proxy2/jdk.proxy2.$Proxy15.click(Unknown Source)
at pages.ProductPage.verifyAddingProductToCart(ProductPage.java:60)
at com.swaglabs.qa.TestCases.SwaglabLoginTest.productPageTest(SwaglabLoginTest.java:40)
at java.base/jdk.internal.reflect.DirectMethodHandleAccessor.invoke(DirectMethodHandleAccessor.java:103)
at java.base/java.lang.reflect.Method.invoke(Method.java:580)
at org.testng.internal.MethodInvocationHelper.invokeMethod(MethodInvocationHelper.java:133)
at org.testng.internal.TestInvoker.invokeMethod(TestInvoker.java:598)
at org.testng.internal.TestInvoker.invokeTestMethod(TestInvoker.java:173)
at org.testng.internal.MethodRunner.runInSequence(MethodRunner.java:46)
at org.testng.internal.TestInvoker$MethodInvocationAgent.invoke(TestInvoker.java:824)
at org.testng.internal.TestInvoker.invokeTestMethods(TestInvoker.java:146)
at org.testng.internal.TestMethodWorker.invokeTestMethods(TestMethodWorker.java:146)
at org.testng.internal.TestMethodWorker.run(TestMethodWorker.java:128)
at java.base/java.util.ArrayList.forEach(ArrayList.java:1596)
at org.testng.TestRunner.privateRun(TestRunner.java:794)
at org.testng.TestRunner.run(TestRunner.java:596)
at org.testng.SuiteRunner.runTest(SuiteRunner.java:377)
at org.testng.SuiteRunner.runSequentially(SuiteRunner.java:371)
at org.testng.SuiteRunner.privateRun(SuiteRunner.java:332)
at org.testng.SuiteRunner.run(SuiteRunner.java:276)
at org.testng.SuiteRunnerWorker.runSuite(SuiteRunnerWorker.java:53)
at org.testng.SuiteRunnerWorker.run(SuiteRunnerWorker.java:96)
at org.testng.TestNG.runSuitesSequentially(TestNG.java:1212)
at org.testng.TestNG.runSuitesLocally(TestNG.java:1134)
at org.testng.TestNG.runSuites(TestNG.java:1063)
at org.testng.TestNG.run(TestNG.java:1031)
at org.testng.remote.AbstractRemoteTestNG.run(AbstractRemoteTestNG.java:115)
at org.testng.remote.RemoteTestNG.initAndRun(RemoteTestNG.java:293)
at org.testng.remote.RemoteTestNG.main(RemoteTestNG.java:91)
]]>
            </full-stacktrace>
          </exception> <!-- org.openqa.selenium.NoSuchElementException -->
          <reporter-output>
            <line>
              <![CDATA[verifySwagLabLogo]]>
            </line>
            <line>
              <![CDATA[verifyFilterBnonProductPage]]>
            </line>
          </reporter-output>
        </test-method> <!-- productPageTest -->
        <test-method is-config="true" signature="Capturess(org.testng.ITestResult)[pri:0, instance:com.swaglabs.qa.TestCases.SwaglabLoginTest@4a94ee4]" started-at="2025-04-14T00:28:55 IST" name="Capturess" finished-at="2025-04-14T00:28:55 IST" duration-ms="252" status="PASS">
          <params>
            <param index="0">
              <value>
                <![CDATA[[TestResult name=productPageTest status=FAILURE method=SwaglabLoginTest.productPageTest()[pri:2, instance:com.swaglabs.qa.TestCases.SwaglabLoginTest@4a94ee4] output=verifySwagLabLogo]]]>
              </value>
            </param>
          </params>
          <reporter-output>
          </reporter-output>
        </test-method> <!-- Capturess -->
        <test-method is-config="true" signature="teardown()[pri:0, instance:com.swaglabs.qa.TestCases.SwaglabLoginTest@4a94ee4]" started-at="2025-04-14T00:28:55 IST" name="teardown" finished-at="2025-04-14T00:28:56 IST" duration-ms="189" status="PASS">
          <reporter-output>
          </reporter-output>
        </test-method> <!-- teardown -->
      </class> <!-- com.swaglabs.qa.TestCases.SwaglabLoginTest -->
    </test> <!-- SwagLabLoginTest -->
  </suite> <!-- SwagLoginSuite -->
</testng-results>
